#
# There is insufficient memory for the Java Runtime Environment to continue.
# Native memory allocation (malloc) failed to allocate 465376 bytes for Chunk::new
# Possible reasons:
#   The system is out of physical RAM or swap space
#   In 32 bit mode, the process size limit was hit
# Possible solutions:
#   Reduce memory load on the system
#   Increase physical memory or swap space
#   Check if swap backing store is full
#   Use 64 bit Java on a 64 bit OS
#   Decrease Java heap size (-Xmx/-Xms)
#   Decrease number of Java threads
#   Decrease Java thread stack sizes (-Xss)
#   Set larger code cache with -XX:ReservedCodeCacheSize=
# This output file may be truncated or incomplete.
#
#  Out of Memory Error (allocation.cpp:390), pid=5676, tid=0x0000000000001670
#
# JRE version: OpenJDK Runtime Environment (8.0_152-b01) (build 1.8.0_152-release-915-b01)
# Java VM: OpenJDK 64-Bit Server VM (25.152-b01 mixed mode windows-amd64 compressed oops)
# Failed to write core dump. Minidumps are not enabled by default on client versions of Windows
#

---------------  T H R E A D  ---------------

Current thread (0x0000000055fca800):  JavaThread "C2 CompilerThread0" daemon [_thread_in_native, id=5744, stack(0x0000000057b40000,0x0000000057c40000)]

Stack: [0x0000000057b40000,0x0000000057c40000]
[error occurred during error reporting (printing stack bounds), id 0xc0000005]

Native frames: (J=compiled Java code, j=interpreted, Vv=VM code, C=native code)


Current CompileTask:
C2:6269844 17043   !   4       java.io.ObjectOutputStream::writeObject0 (619 bytes)


---------------  P R O C E S S  ---------------

Java Threads: ( => current thread )
  0x0000000059622000 JavaThread "stdout" daemon [_thread_in_native, id=6056, stack(0x00000000666e0000,0x00000000667e0000)]
  0x000000005a155000 JavaThread "stdout" daemon [_thread_in_native, id=3496, stack(0x0000000065f20000,0x0000000066020000)]
  0x000000005a154000 JavaThread "stderr" daemon [_thread_in_native, id=6812, stack(0x0000000066390000,0x0000000066490000)]
  0x000000005a153000 JavaThread "stdout" daemon [_thread_in_native, id=3532, stack(0x0000000066200000,0x0000000066300000)]
  0x000000005a152800 JavaThread "stderr" daemon [_thread_in_native, id=5092, stack(0x00000000598d0000,0x00000000599d0000)]
  0x000000005a151800 JavaThread "stdout" daemon [_thread_in_native, id=1732, stack(0x0000000065dd0000,0x0000000065ed0000)]
  0x000000005a151000 JavaThread "stderr" daemon [_thread_in_native, id=1800, stack(0x000000005bd90000,0x000000005be90000)]
  0x000000005a150000 JavaThread "queued-resource-processor_24" daemon [_thread_blocked, id=2500, stack(0x0000000065660000,0x0000000065760000)]
  0x000000005a14f800 JavaThread "queued-resource-processor_23" daemon [_thread_blocked, id=4520, stack(0x0000000064780000,0x0000000064880000)]
  0x000000005a14e800 JavaThread "queued-resource-processor_22" daemon [_thread_blocked, id=4900, stack(0x0000000065990000,0x0000000065a90000)]
  0x000000005a14e000 JavaThread "queued-resource-processor_21" daemon [_thread_blocked, id=6652, stack(0x0000000064e70000,0x0000000064f70000)]
  0x000000005c411800 JavaThread "Task worker for ':' Thread 3" [_thread_blocked, id=5400, stack(0x0000000064460000,0x0000000064560000)]
  0x000000005c410000 JavaThread "Task worker for ':' Thread 2" [_thread_blocked, id=3668, stack(0x0000000064cb0000,0x0000000064db0000)]
  0x000000005c40e800 JavaThread "Task worker for ':'" [_thread_blocked, id=3816, stack(0x0000000064b30000,0x0000000064c30000)]
  0x000000005c406800 JavaThread "Cache worker for task history cache (C:\Users\user\AndroidStudioProjects\MyApplication2\.gradle\4.1\taskHistory)" [_thread_blocked, id=6600, stack(0x00000000640f0000,0x00000000641f0000)]
  0x000000005c412800 JavaThread "Cache worker for file content cache (C:\Users\user\AndroidStudioProjects\MyApplication2\.gradle\4.1\fileContent)" [_thread_blocked, id=6460, stack(0x0000000063330000,0x0000000063430000)]
  0x000000005c413000 JavaThread "build operations Thread 4" [_thread_blocked, id=2828, stack(0x0000000061bd0000,0x0000000061cd0000)]
  0x000000005c40c800 JavaThread "build operations Thread 3" [_thread_blocked, id=6524, stack(0x0000000061440000,0x0000000061540000)]
  0x000000005c414800 JavaThread "build operations Thread 2" [_thread_blocked, id=6656, stack(0x00000000617b0000,0x00000000618b0000)]
  0x000000005c40b800 JavaThread "build operations" [_thread_blocked, id=3584, stack(0x00000000600a0000,0x00000000601a0000)]
  0x000000005c408800 JavaThread "Cache worker for Artifact transforms cache (C:\Users\user\.gradle\caches\transforms-1)" [_thread_blocked, id=6824, stack(0x000000005e4f0000,0x000000005e5f0000)]
  0x000000005c40b000 JavaThread "Cache worker for file hash cache (C:\Users\user\AndroidStudioProjects\MyApplication2\.gradle\4.1\fileHashes)" [_thread_blocked, id=4452, stack(0x000000005d120000,0x000000005d220000)]
  0x0000000058891800 JavaThread "Daemon worker Thread 6" [_thread_blocked, id=3880, stack(0x000000005b950000,0x000000005ba50000)]
  0x000000005888e800 JavaThread "Daemon Thread 6" [_thread_blocked, id=2208, stack(0x000000005b0c0000,0x000000005b1c0000)]
  0x000000005c40d000 JavaThread "Memory manager" [_thread_blocked, id=5876, stack(0x00000000608a0000,0x00000000609a0000)]
  0x0000000058ec2000 JavaThread "File lock request listener" [_thread_in_native, id=5812, stack(0x000000005ba80000,0x000000005bb80000)]
  0x00000000592fe000 JavaThread "Cache worker for file hash cache (C:\Users\user\.gradle\caches\4.1\fileHashes)" [_thread_blocked, id=5808, stack(0x000000005b740000,0x000000005b840000)]
  0x0000000057310800 JavaThread "Service Thread" daemon [_thread_blocked, id=5756, stack(0x0000000057fe0000,0x00000000580e0000)]
  0x000000005729f000 JavaThread "C1 CompilerThread2" daemon [_thread_blocked, id=5752, stack(0x0000000057d80000,0x0000000057e80000)]
  0x000000005729e000 JavaThread "C2 CompilerThread1" daemon [_thread_blocked, id=5748, stack(0x0000000057c60000,0x0000000057d60000)]
=>0x0000000055fca800 JavaThread "C2 CompilerThread0" daemon [_thread_in_native, id=5744, stack(0x0000000057b40000,0x0000000057c40000)]
  0x000000005729b800 JavaThread "Attach Listener" daemon [_thread_blocked, id=5740, stack(0x0000000057960000,0x0000000057a60000)]
  0x000000005729a800 JavaThread "Signal Dispatcher" daemon [_thread_blocked, id=5736, stack(0x0000000057800000,0x0000000057900000)]
  0x0000000055fad000 JavaThread "Finalizer" daemon [_thread_blocked, id=5732, stack(0x0000000057050000,0x0000000057150000)]
  0x0000000055f66800 JavaThread "Reference Handler" daemon [_thread_blocked, id=5728, stack(0x0000000057190000,0x0000000057290000)]
  0x0000000001ebf000 JavaThread "main" [_thread_in_native, id=5704, stack(0x00000000020c0000,0x00000000021c0000)]

Other Threads:
  0x0000000055f5f000 VMThread [stack: 0x0000000056f40000,0x0000000057040000] [id=5724]
  0x0000000057312000 WatcherThread [stack: 0x00000000576d0000,0x00000000577d0000] [id=5760]

VM state:not at safepoint (normal execution)

VM Mutex/Monitor currently owned by a thread: None

Heap:
 PSYoungGen      total 403456K, used 49561K [0x00000000e0000000, 0x00000000fab80000, 0x0000000100000000)
  eden space 389632K, 10% used [0x00000000e0000000,0x00000000e2916df0,0x00000000f7c80000)
  from space 13824K, 54% used [0x00000000f9e00000,0x00000000fa54f760,0x00000000fab80000)
  to   space 24064K, 0% used [0x00000000f7c80000,0x00000000f7c80000,0x00000000f9400000)
 ParOldGen       total 102912K, used 69212K [0x00000000a0000000, 0x00000000a6480000, 0x00000000e0000000)
  object space 102912K, 67% used [0x00000000a0000000,0x00000000a4397008,0x00000000a6480000)
 Metaspace       used 78744K, capacity 83968K, committed 84244K, reserved 1122304K
  class space    used 10296K, capacity 11514K, committed 11580K, reserved 1048576K

Card table byte_map: [0x0000000011850000,0x0000000011b60000] byte_map_base: 0x0000000011350000

Marking Bits: (ParMarkBitMap*) 0x0000000063e73950
 Begin Bits: [0x00000000122d0000, 0x0000000013ad0000)
 End Bits:   [0x0000000013ad0000, 0x00000000152d0000)

Polling page: 0x0000000000310000

CodeCache: size=245760Kb used=45686Kb max_used=45688Kb free=200073Kb
 bounds [0x0000000002490000, 0x0000000005170000, 0x0000000011490000]
 total_blobs=14603 nmethods=13763 adapters=752
 compilation: enabled

Compilation events (10 events):
Event: 6267.779 Thread 0x000000005729f000 17047       3       java.io.ObjectStreamClass$FieldReflector::setPrimFieldValues (329 bytes)
Event: 6267.780 Thread 0x000000005729f000 nmethod 17047 0x0000000005157590 code [0x00000000051577c0, 0x0000000005158218]
Event: 6267.780 Thread 0x000000005729f000 17045       3       java.io.ObjectInputStream::defaultReadFields (199 bytes)
Event: 6267.781 Thread 0x000000005729f000 nmethod 17045 0x0000000005155fd0 code [0x0000000005156220, 0x0000000005156e88]
Event: 6267.781 Thread 0x000000005729f000 17049       3       java.io.ObjectStreamClass$FieldReflector::setObjFieldValues (248 bytes)
Event: 6267.783 Thread 0x000000005729f000 nmethod 17049 0x000000000516bb10 code [0x000000000516be80, 0x000000000516ddf8]
Event: 6267.783 Thread 0x000000005729f000 17046       3       java.io.ObjectStreamClass::setPrimFieldValues (10 bytes)
Event: 6267.783 Thread 0x000000005729f000 nmethod 17046 0x00000000031e0010 code [0x00000000031e0180, 0x00000000031e0328]
Event: 6267.783 Thread 0x000000005729f000 17048       3       java.io.ObjectStreamClass::setObjFieldValues (10 bytes)
Event: 6267.783 Thread 0x000000005729f000 nmethod 17048 0x00000000031dfc10 code [0x00000000031dfd80, 0x00000000031dff28]

GC Heap History (10 events):
Event: 2474.989 GC heap before
{Heap before GC invocations=19 (full 3):
 PSYoungGen      total 252416K, used 251202K [0x00000000e0000000, 0x00000000f2c00000, 0x0000000100000000)
  eden space 232448K, 99% used [0x00000000e0000000,0x00000000ee2daba0,0x00000000ee300000)
  from space 19968K, 94% used [0x00000000ee300000,0x00000000ef575da8,0x00000000ef680000)
  to   space 22528K, 0% used [0x00000000f1600000,0x00000000f1600000,0x00000000f2c00000)
 ParOldGen       total 102912K, used 45642K [0x00000000a0000000, 0x00000000a6480000, 0x00000000e0000000)
  object space 102912K, 44% used [0x00000000a0000000,0x00000000a2c92b38,0x00000000a6480000)
 Metaspace       used 74842K, capacity 78484K, committed 78740K, reserved 1118208K
  class space    used 9754K, capacity 10636K, committed 10684K, reserved 1048576K
Event: 2475.011 GC heap after
Heap after GC invocations=19 (full 3):
 PSYoungGen      total 278528K, used 22527K [0x00000000e0000000, 0x00000000f4100000, 0x0000000100000000)
  eden space 256000K, 0% used [0x00000000e0000000,0x00000000e0000000,0x00000000efa00000)
  from space 22528K, 99% used [0x00000000f1600000,0x00000000f2bffdd0,0x00000000f2c00000)
  to   space 28672K, 0% used [0x00000000efa00000,0x00000000efa00000,0x00000000f1600000)
 ParOldGen       total 102912K, used 51562K [0x00000000a0000000, 0x00000000a6480000, 0x00000000e0000000)
  object space 102912K, 50% used [0x00000000a0000000,0x00000000a325a8e0,0x00000000a6480000)
 Metaspace       used 74842K, capacity 78484K, committed 78740K, reserved 1118208K
  class space    used 9754K, capacity 10636K, committed 10684K, reserved 1048576K
}
Event: 2475.068 GC heap before
{Heap before GC invocations=20 (full 3):
 PSYoungGen      total 278528K, used 278380K [0x00000000e0000000, 0x00000000f4100000, 0x0000000100000000)
  eden space 256000K, 99% used [0x00000000e0000000,0x00000000ef9db588,0x00000000efa00000)
  from space 22528K, 99% used [0x00000000f1600000,0x00000000f2bffdd0,0x00000000f2c00000)
  to   space 28672K, 0% used [0x00000000efa00000,0x00000000efa00000,0x00000000f1600000)
 ParOldGen       total 102912K, used 51562K [0x00000000a0000000, 0x00000000a6480000, 0x00000000e0000000)
  object space 102912K, 50% used [0x00000000a0000000,0x00000000a325a8e0,0x00000000a6480000)
 Metaspace       used 74851K, capacity 78484K, committed 78740K, reserved 1118208K
  class space    used 9754K, capacity 10636K, committed 10684K, reserved 1048576K
Event: 2475.085 GC heap after
Heap after GC invocations=20 (full 3):
 PSYoungGen      total 284672K, used 10352K [0x00000000e0000000, 0x00000000f7680000, 0x0000000100000000)
  eden space 256000K, 0% used [0x00000000e0000000,0x00000000e0000000,0x00000000efa00000)
  from space 28672K, 36% used [0x00000000efa00000,0x00000000f041c398,0x00000000f1600000)
  to   space 27136K, 0% used [0x00000000f5c00000,0x00000000f5c00000,0x00000000f7680000)
 ParOldGen       total 102912K, used 62593K [0x00000000a0000000, 0x00000000a6480000, 0x00000000e0000000)
  object space 102912K, 60% used [0x00000000a0000000,0x00000000a3d20688,0x00000000a6480000)
 Metaspace       used 74851K, capacity 78484K, committed 78740K, reserved 1118208K
  class space    used 9754K, capacity 10636K, committed 10684K, reserved 1048576K
}
Event: 2796.069 GC heap before
{Heap before GC invocations=21 (full 3):
 PSYoungGen      total 284672K, used 266352K [0x00000000e0000000, 0x00000000f7680000, 0x0000000100000000)
  eden space 256000K, 100% used [0x00000000e0000000,0x00000000efa00000,0x00000000efa00000)
  from space 28672K, 36% used [0x00000000efa00000,0x00000000f041c398,0x00000000f1600000)
  to   space 27136K, 0% used [0x00000000f5c00000,0x00000000f5c00000,0x00000000f7680000)
 ParOldGen       total 102912K, used 62593K [0x00000000a0000000, 0x00000000a6480000, 0x00000000e0000000)
  object space 102912K, 60% used [0x00000000a0000000,0x00000000a3d20688,0x00000000a6480000)
 Metaspace       used 76029K, capacity 79988K, committed 80020K, reserved 1118208K
  class space    used 9945K, capacity 10920K, committed 10940K, reserved 1048576K
Event: 2796.145 GC heap after
Heap after GC invocations=21 (full 3):
 PSYoungGen      total 343040K, used 5141K [0x00000000e0000000, 0x00000000f6f80000, 0x0000000100000000)
  eden space 323072K, 0% used [0x00000000e0000000,0x00000000e0000000,0x00000000f3b80000)
  from space 19968K, 25% used [0x00000000f5c00000,0x00000000f6105638,0x00000000f6f80000)
  to   space 26624K, 0% used [0x00000000f3b80000,0x00000000f3b80000,0x00000000f5580000)
 ParOldGen       total 102912K, used 67227K [0x00000000a0000000, 0x00000000a6480000, 0x00000000e0000000)
  object space 102912K, 65% used [0x00000000a0000000,0x00000000a41a6ca0,0x00000000a6480000)
 Metaspace       used 76029K, capacity 79988K, committed 80020K, reserved 1118208K
  class space    used 9945K, capacity 10920K, committed 10940K, reserved 1048576K
}
Event: 2990.132 GC heap before
{Heap before GC invocations=22 (full 3):
 PSYoungGen      total 343040K, used 327538K [0x00000000e0000000, 0x00000000f6f80000, 0x0000000100000000)
  eden space 323072K, 99% used [0x00000000e0000000,0x00000000f3ad7200,0x00000000f3b80000)
  from space 19968K, 25% used [0x00000000f5c00000,0x00000000f6105638,0x00000000f6f80000)
  to   space 26624K, 0% used [0x00000000f3b80000,0x00000000f3b80000,0x00000000f5580000)
 ParOldGen       total 102912K, used 67227K [0x00000000a0000000, 0x00000000a6480000, 0x00000000e0000000)
  object space 102912K, 65% used [0x00000000a0000000,0x00000000a41a6ca0,0x00000000a6480000)
 Metaspace       used 77515K, capacity 82146K, committed 82452K, reserved 1120256K
  class space    used 10129K, capacity 11249K, committed 11324K, reserved 1048576K
Event: 2990.147 GC heap after
Heap after GC invocations=22 (full 3):
 PSYoungGen      total 349696K, used 8561K [0x00000000e0000000, 0x00000000fb680000, 0x0000000100000000)
  eden space 323072K, 0% used [0x00000000e0000000,0x00000000e0000000,0x00000000f3b80000)
  from space 26624K, 32% used [0x00000000f3b80000,0x00000000f43dc628,0x00000000f5580000)
  to   space 25088K, 0% used [0x00000000f9e00000,0x00000000f9e00000,0x00000000fb680000)
 ParOldGen       total 102912K, used 68033K [0x00000000a0000000, 0x00000000a6480000, 0x00000000e0000000)
  object space 102912K, 66% used [0x00000000a0000000,0x00000000a42705c0,0x00000000a6480000)
 Metaspace       used 77515K, capacity 82146K, committed 82452K, reserved 1120256K
  class space    used 10129K, capacity 11249K, committed 11324K, reserved 1048576K
}
Event: 6184.523 GC heap before
{Heap before GC invocations=23 (full 3):
 PSYoungGen      total 349696K, used 331633K [0x00000000e0000000, 0x00000000fb680000, 0x0000000100000000)
  eden space 323072K, 100% used [0x00000000e0000000,0x00000000f3b80000,0x00000000f3b80000)
  from space 26624K, 32% used [0x00000000f3b80000,0x00000000f43dc628,0x00000000f5580000)
  to   space 25088K, 0% used [0x00000000f9e00000,0x00000000f9e00000,0x00000000fb680000)
 ParOldGen       total 102912K, used 68033K [0x00000000a0000000, 0x00000000a6480000, 0x00000000e0000000)
  object space 102912K, 66% used [0x00000000a0000000,0x00000000a42705c0,0x00000000a6480000)
 Metaspace       used 78408K, capacity 83420K, committed 83604K, reserved 1122304K
  class space    used 10250K, capacity 11444K, committed 11452K, reserved 1048576K
Event: 6184.546 GC heap after
Heap after GC invocations=23 (full 3):
 PSYoungGen      total 403456K, used 7485K [0x00000000e0000000, 0x00000000fab80000, 0x0000000100000000)
  eden space 389632K, 0% used [0x00000000e0000000,0x00000000e0000000,0x00000000f7c80000)
  from space 13824K, 54% used [0x00000000f9e00000,0x00000000fa54f760,0x00000000fab80000)
  to   space 24064K, 0% used [0x00000000f7c80000,0x00000000f7c80000,0x00000000f9400000)
 ParOldGen       total 102912K, used 69212K [0x00000000a0000000, 0x00000000a6480000, 0x00000000e0000000)
  object space 102912K, 67% used [0x00000000a0000000,0x00000000a4397008,0x00000000a6480000)
 Metaspace       used 78408K, capacity 83420K, committed 83604K, reserved 1122304K
  class space    used 10250K, capacity 11444K, committed 11452K, reserved 1048576K
}

Deoptimization events (10 events):
Event: 6185.225 Thread 0x0000000059621800 Uncommon trap: reason=class_check action=maybe_recompile pc=0x0000000004e0d514 method=org.gradle.internal.logging.sink.OutputEventRenderer$4.onOutput(Lorg/gradle/internal/logging/events/OutputEvent;)V @ 11
Event: 6185.225 Thread 0x0000000059621800 Uncommon trap: reason=class_check action=maybe_recompile pc=0x0000000004e0d514 method=org.gradle.internal.logging.sink.OutputEventRenderer$4.onOutput(Lorg/gradle/internal/logging/events/OutputEvent;)V @ 11
Event: 6185.225 Thread 0x0000000059621800 Uncommon trap: reason=class_check action=maybe_recompile pc=0x0000000004e0d514 method=org.gradle.internal.logging.sink.OutputEventRenderer$4.onOutput(Lorg/gradle/internal/logging/events/OutputEvent;)V @ 11
Event: 6267.741 Thread 0x000000005888e800 Uncommon trap: reason=class_check action=maybe_recompile pc=0x0000000003f90e88 method=java.io.ObjectOutputStream.writeObject0(Ljava/lang/Object;Z)V @ 240
Event: 6267.747 Thread 0x000000005888e800 Uncommon trap: reason=class_check action=maybe_recompile pc=0x0000000003f90e88 method=java.io.ObjectOutputStream.writeObject0(Ljava/lang/Object;Z)V @ 240
Event: 6267.747 Thread 0x000000005888e800 Uncommon trap: reason=class_check action=maybe_recompile pc=0x0000000003f90e88 method=java.io.ObjectOutputStream.writeObject0(Ljava/lang/Object;Z)V @ 240
Event: 6267.747 Thread 0x000000005888e800 Uncommon trap: reason=class_check action=maybe_recompile pc=0x0000000003f90e88 method=java.io.ObjectOutputStream.writeObject0(Ljava/lang/Object;Z)V @ 240
Event: 6267.750 Thread 0x0000000059779000 Uncommon trap: reason=unstable_if action=reinterpret pc=0x0000000004821ec4 method=java.nio.channels.spi.AbstractInterruptibleChannel.end(Z)V @ 38
Event: 6267.778 Thread 0x000000005888d000 Uncommon trap: reason=unstable_if action=reinterpret pc=0x00000000041cef38 method=sun.nio.ch.SocketChannelImpl.ensureWriteOpen()V @ 11
Event: 6267.778 Thread 0x000000005888d000 Uncommon trap: reason=unloaded action=reinterpret pc=0x0000000004e94fec method=org.gradle.internal.remote.internal.inet.SocketConnection.flush()V @ 20

Classes redefined (0 events):
No events

Internal exceptions (10 events):
Event: 6184.425 Thread 0x0000000058891800 Exception <a 'sun/nio/fs/WindowsException'> (0x00000000f2bdf7a8) thrown at [D:\src\AOSP-openjdk-cygwin\jdk8u\hotspot\src\share\vm\prims\jni.cpp, line 709]
Event: 6184.425 Thread 0x0000000058891800 Exception <a 'sun/nio/fs/WindowsException'> (0x00000000f2be1438) thrown at [D:\src\AOSP-openjdk-cygwin\jdk8u\hotspot\src\share\vm\prims\jni.cpp, line 709]
Event: 6184.425 Thread 0x0000000058891800 Exception <a 'sun/nio/fs/WindowsException'> (0x00000000f2be20c0) thrown at [D:\src\AOSP-openjdk-cygwin\jdk8u\hotspot\src\share\vm\prims\jni.cpp, line 709]
Event: 6185.220 Thread 0x0000000059621800 StackOverflowError at 0x000000000265c318
Event: 6185.220 Thread 0x0000000059621800 Exception <a 'java/lang/StackOverflowError'> (0x00000000e2587e18) thrown at [D:\src\AOSP-openjdk-cygwin\jdk8u\hotspot\src\share\vm\runtime\sharedRuntime.cpp, line 605]
Event: 6185.220 Thread 0x0000000059621800 Exception <a 'java/lang/StackOverflowError': unable to create new native thread> (0x00000000e2587e18) thrown at [D:\src\AOSP-openjdk-cygwin\jdk8u\hotspot\src\share\vm\prims\jvm.cpp, line 3033]
Event: 6257.735 Thread 0x000000005888e000 Exception <a 'java/lang/NoSuchMethodError': <clinit>> (0x00000000e2753c98) thrown at [D:\src\AOSP-openjdk-cygwin\jdk8u\hotspot\src\share\vm\prims\jni.cpp, line 1613]
Event: 6267.747 Thread 0x000000005888e800 Exception <a 'java/lang/NoSuchMethodError': <clinit>> (0x00000000e27e79e0) thrown at [D:\src\AOSP-openjdk-cygwin\jdk8u\hotspot\src\share\vm\prims\jni.cpp, line 1613]
Event: 6267.747 Thread 0x000000005888e800 Exception <a 'java/lang/NoSuchMethodError': <clinit>> (0x00000000e27e91c0) thrown at [D:\src\AOSP-openjdk-cygwin\jdk8u\hotspot\src\share\vm\prims\jni.cpp, line 1613]
Event: 6267.750 Thread 0x0000000059779000 Exception <a 'java/io/IOException'> (0x00000000e28d2cc0) thrown at [D:\src\AOSP-openjdk-cygwin\jdk8u\hotspot\src\share\vm\prims\jni.cpp, line 709]

Events (10 events):
Event: 6267.778 Thread 0x000000005888d000 DEOPT UNPACKING pc=0x00000000024d556a sp=0x000000005b93eed0 mode 2
Event: 6267.783 Thread 0x000000005888e000 Thread exited: 0x000000005888e000
Event: 6267.783 Executing VM operation: RevokeBias
Event: 6267.783 Executing VM operation: RevokeBias done
Event: 6267.783 Thread 0x000000005888d000 Thread exited: 0x000000005888d000
Event: 6267.784 Thread 0x000000005729f000 flushing nmethod 0x000000000262ce90
Event: 6267.785 loading class org/gradle/internal/logging/text/StreamingStyledTextOutputFactory
Event: 6267.785 loading class org/gradle/internal/logging/text/StreamingStyledTextOutputFactory done
Event: 6267.791 loading class org/gradle/internal/buildevents/BuildExceptionReporter$FailureDetails
Event: 6267.791 loading class org/gradle/internal/buildevents/BuildExceptionReporter$FailureDetails done


Dynamic libraries:
0x000000013f510000 - 0x000000013f541000 	C:\AndroidStudio\jre\bin\java.exe
0x0000000077430000 - 0x00000000775da000 	C:\Windows\SYSTEM32\ntdll.dll
0x0000000077310000 - 0x000000007742f000 	C:\Windows\system32\kernel32.dll
0x000007fefd280000 - 0x000007fefd2ea000 	C:\Windows\system32\KERNELBASE.dll
0x000007fefdb50000 - 0x000007fefdc2b000 	C:\Windows\system32\ADVAPI32.dll
0x000007fefdc30000 - 0x000007fefdccf000 	C:\Windows\system32\msvcrt.dll
0x000007fefd640000 - 0x000007fefd65f000 	C:\Windows\SYSTEM32\sechost.dll
0x000007fefeb70000 - 0x000007fefec9d000 	C:\Windows\system32\RPCRT4.dll
0x0000000077210000 - 0x000000007730a000 	C:\Windows\system32\USER32.dll
0x000007feff1e0000 - 0x000007feff247000 	C:\Windows\system32\GDI32.dll
0x000007fefdb40000 - 0x000007fefdb4e000 	C:\Windows\system32\LPK.dll
0x000007feff070000 - 0x000007feff13b000 	C:\Windows\system32\USP10.dll
0x000007fefbb40000 - 0x000007fefbd34000 	C:\Windows\WinSxS\amd64_microsoft.windows.common-controls_6595b64144ccf1df_6.0.7601.18837_none_fa3b1e3d17594757\COMCTL32.dll
0x000007fefd5b0000 - 0x000007fefd621000 	C:\Windows\system32\SHLWAPI.dll
0x000007fefdcd0000 - 0x000007fefdcfe000 	C:\Windows\system32\IMM32.DLL
0x000007fefd7f0000 - 0x000007fefd8f9000 	C:\Windows\system32\MSCTF.dll
0x00000000660c0000 - 0x0000000066192000 	C:\AndroidStudio\jre\jre\bin\msvcr100.dll
0x00000000636b0000 - 0x0000000063eee000 	C:\AndroidStudio\jre\jre\bin\server\jvm.dll
0x000007fef9d80000 - 0x000007fef9d89000 	C:\Windows\system32\WSOCK32.dll
0x000007fefd560000 - 0x000007fefd5ad000 	C:\Windows\system32\WS2_32.dll
0x000007fefd630000 - 0x000007fefd638000 	C:\Windows\system32\NSI.dll
0x000007fefaf80000 - 0x000007fefafbb000 	C:\Windows\system32\WINMM.dll
0x000007fefc1d0000 - 0x000007fefc1dc000 	C:\Windows\system32\VERSION.dll
0x00000000775f0000 - 0x00000000775f7000 	C:\Windows\system32\PSAPI.DLL
0x000007feed6f0000 - 0x000007feed6ff000 	C:\AndroidStudio\jre\jre\bin\verify.dll
0x000007feeab70000 - 0x000007feeab99000 	C:\AndroidStudio\jre\jre\bin\java.dll
0x000007feeab50000 - 0x000007feeab66000 	C:\AndroidStudio\jre\jre\bin\zip.dll
0x000007fefdd00000 - 0x000007fefea8b000 	C:\Windows\system32\SHELL32.dll
0x000007feff250000 - 0x000007feff44c000 	C:\Windows\system32\ole32.dll
0x000007fefd130000 - 0x000007fefd13f000 	C:\Windows\system32\profapi.dll
0x000007feeab10000 - 0x000007feeab2a000 	C:\AndroidStudio\jre\jre\bin\net.dll
0x000007fefc8b0000 - 0x000007fefc905000 	C:\Windows\system32\mswsock.dll
0x000007fefc8a0000 - 0x000007fefc8a7000 	C:\Windows\System32\wship6.dll
0x000007feea5c0000 - 0x000007feea5d1000 	C:\AndroidStudio\jre\jre\bin\nio.dll
0x000007fee11e0000 - 0x000007fee11fe000 	C:\Users\user\.gradle\native\25\windows-amd64\native-platform.dll
0x000007feec070000 - 0x000007feec07d000 	C:\AndroidStudio\jre\jre\bin\management.dll
0x000007fefc910000 - 0x000007fefc928000 	C:\Windows\system32\CRYPTSP.dll
0x000007fefc610000 - 0x000007fefc657000 	C:\Windows\system32\rsaenh.dll
0x000007fefd260000 - 0x000007fefd27e000 	C:\Windows\system32\USERENV.dll
0x000007fefcfc0000 - 0x000007fefcfcf000 	C:\Windows\system32\CRYPTBASE.dll
0x000007fefabf0000 - 0x000007fefac17000 	C:\Windows\system32\IPHLPAPI.DLL
0x000007fefabe0000 - 0x000007fefabeb000 	C:\Windows\system32\WINNSI.DLL
0x000007fefa940000 - 0x000007fefa951000 	C:\Windows\system32\dhcpcsvc6.DLL
0x000007fefa830000 - 0x000007fefa848000 	C:\Windows\system32\dhcpcsvc.DLL
0x000007fefcf20000 - 0x000007fefcf77000 	C:\Windows\system32\apphelp.dll

VM Arguments:
jvm_args: -Xmx1536m -Dfile.encoding=windows-1251 -Duser.country=RU -Duser.language=ru -Duser.variant 
java_command: org.gradle.launcher.daemon.bootstrap.GradleDaemon 4.1
java_class_path (initial): C:\Users\user\.gradle\wrapper\dists\gradle-4.1-all\bzyivzo6n839fup2jbap0tjew\gradle-4.1\lib\gradle-launcher-4.1.jar
Launcher Type: SUN_STANDARD

Environment Variables:
PATH=C:\Program Files\Haskell\bin;C:\Program Files\Haskell Platform\8.0.1\lib\extralibs\bin;C:\Program Files\Haskell Platform\8.0.1\bin;C:\Program Files (x86)\NVIDIA Corporation\PhysX\Common;C:\oraclexe\app\oracle\product\11.2.0\server\bin;C:\ProgramData\Oracle\Java\javapath;C:\Windows\system32;C:\Windows;C:\Windows\System32\Wbem;C:\Windows\System32\WindowsPowerShell\v1.0\;C:\Program Files\Common Files\Autodesk Shared\;C:\Program Files (x86)\Autodesk\Backburner\;C:\Program Files (x86)\Microsoft SQL Server\90\Tools\binn\;C:\Program Files\Git\cmd;C:\Program Files\Haskell Platform\8.0.1\mingw\bin;C:\Program Files\Java\jdk1.8.0_151\bin
USERNAME=user
OS=Windows_NT
PROCESSOR_IDENTIFIER=Intel64 Family 6 Model 60 Stepping 3, GenuineIntel



---------------  S Y S T E M  ---------------

OS: Windows 7 , 64 bit Build 7601 (6.1.7601.23807)

CPU:total 4 (initial active 4) (4 cores per cpu, 1 threads per core) family 6 model 60 stepping 3, cmov, cx8, fxsr, mmx, sse, sse2, sse3, ssse3, sse4.1, sse4.2, popcnt, avx, avx2, aes, clmul, erms, lzcnt, tsc, tscinvbit, bmi1, bmi2

Memory: 4k page, physical 4131256k(136244k free), swap 5665396k(5584k free)

vm_info: OpenJDK 64-Bit Server VM (25.152-b01) for windows-amd64 JRE (1.8.0_152-release-915-b01), built by "builder" with MS VC++ 10.0 (VS2010)

time: Thu Dec 14 20:26:04 2017
elapsed time: 6267 seconds (0d 1h 44m 27s)

